
22.07.2023 16:44
SharpDX.Direct3D9 throws BadImageFormatException:
Была сделана попытка загрузить программу, имеющую неверный формат. (0x8007000B)
   at SharpDX.Direct3D9.D3DX9.D3DXCreateTextureFromFileExW_(Void* arg0, Void* arg1, Int32 arg2, Int32 arg3, Int32 arg4, Int32 arg5, Int32 arg6, Int32 arg7, Int32 arg8, Int32 arg9, RawColorBGRA arg10, Void* arg11, Void* arg12, Void* arg13)
   at SharpDX.Direct3D9.D3DX9.CreateTextureFromFileExW(Device deviceRef, String srcFileRef, Int32 width, Int32 height, Int32 mipLevels, Int32 usage, Format format, Pool pool, Int32 filter, Int32 mipFilter, RawColorBGRA colorKey, IntPtr srcInfoRef, PaletteEntry[] paletteRef, Texture& textureOut)
   at SharpDX.Direct3D9.Texture.CreateFromFile(Device device, String fileName, Int32 width, Int32 height, Int32 levelCount, Usage usage, Format format, Pool pool, Filter filter, Filter mipFilter, Int32 colorKey, IntPtr imageInformation, PaletteEntry[] palette)
   at SharpDX.Direct3D9.Texture.FromFile(Device device, String filename, Int32 width, Int32 height, Int32 levelCount, Usage usage, Format format, Pool pool, Filter filter, Filter mipFilter, Int32 colorKey, ImageInformation& imageInformation)
   at CodeImp.Bloodmasters.Client.Direct3D.LoadTexture(String filename, Boolean usecache, Boolean mipmap, Int32 width, Int32 height) in C:\Ruslan\GItProject\bloodmasters\Source\Client\Graphics\Direct3D.cs:line 1549
   at CodeImp.Bloodmasters.Client.Direct3D.LoadTexture(String filename, Boolean usecache, Boolean mipmap) in C:\Ruslan\GItProject\bloodmasters\Source\Client\Graphics\Direct3D.cs:line 1526
   at CodeImp.Bloodmasters.Client.General.LoadStandardComponents() in C:\Ruslan\GItProject\bloodmasters\Source\Client\General\General.cs:line 230
   at CodeImp.Bloodmasters.Client.General.StartGame() in C:\Ruslan\GItProject\bloodmasters\Source\Client\General\General.cs:line 2336
   at CodeImp.Bloodmasters.Client.General._Main(String[] args) in C:\Ruslan\GItProject\bloodmasters\Source\Client\General\General.cs:line 2296
   at CodeImp.Bloodmasters.Client.General.Main(String[] args) in C:\Ruslan\GItProject\bloodmasters\Source\Client\General\General.cs:line 2171


22.07.2023 16:46
SharpDX.Direct3D9 throws BadImageFormatException:
Была сделана попытка загрузить программу, имеющую неверный формат. (0x8007000B)
   at SharpDX.Direct3D9.D3DX9.D3DXCreateTextureFromFileExW_(Void* arg0, Void* arg1, Int32 arg2, Int32 arg3, Int32 arg4, Int32 arg5, Int32 arg6, Int32 arg7, Int32 arg8, Int32 arg9, RawColorBGRA arg10, Void* arg11, Void* arg12, Void* arg13)
   at SharpDX.Direct3D9.D3DX9.CreateTextureFromFileExW(Device deviceRef, String srcFileRef, Int32 width, Int32 height, Int32 mipLevels, Int32 usage, Format format, Pool pool, Int32 filter, Int32 mipFilter, RawColorBGRA colorKey, IntPtr srcInfoRef, PaletteEntry[] paletteRef, Texture& textureOut)
   at SharpDX.Direct3D9.Texture.CreateFromFile(Device device, String fileName, Int32 width, Int32 height, Int32 levelCount, Usage usage, Format format, Pool pool, Filter filter, Filter mipFilter, Int32 colorKey, IntPtr imageInformation, PaletteEntry[] palette)
   at SharpDX.Direct3D9.Texture.FromFile(Device device, String filename, Int32 width, Int32 height, Int32 levelCount, Usage usage, Format format, Pool pool, Filter filter, Filter mipFilter, Int32 colorKey, ImageInformation& imageInformation)
   at CodeImp.Bloodmasters.Client.Direct3D.LoadTexture(String filename, Boolean usecache, Boolean mipmap, Int32 width, Int32 height) in C:\Ruslan\GItProject\bloodmasters\Source\Client\Graphics\Direct3D.cs:line 1549
   at CodeImp.Bloodmasters.Client.Direct3D.LoadTexture(String filename, Boolean usecache, Boolean mipmap) in C:\Ruslan\GItProject\bloodmasters\Source\Client\Graphics\Direct3D.cs:line 1526
   at CodeImp.Bloodmasters.Client.General.LoadStandardComponents() in C:\Ruslan\GItProject\bloodmasters\Source\Client\General\General.cs:line 230
   at CodeImp.Bloodmasters.Client.General.StartGame() in C:\Ruslan\GItProject\bloodmasters\Source\Client\General\General.cs:line 2336
   at CodeImp.Bloodmasters.Client.General._Main(String[] args) in C:\Ruslan\GItProject\bloodmasters\Source\Client\General\General.cs:line 2296
   at CodeImp.Bloodmasters.Client.General.Main(String[] args) in C:\Ruslan\GItProject\bloodmasters\Source\Client\General\General.cs:line 2171

